{"level":"info","message":"Log level: info","timestamp":"14:37:19"}
{"level":"info","message":"Master cluster setting up with 4 workers","timestamp":"14:37:19"}
{"level":"info","message":"Worker 3765 is online","timestamp":"14:37:19"}
{"level":"info","message":"Worker 3768 is online","timestamp":"14:37:19"}
{"level":"info","message":"Worker 3767 is online","timestamp":"14:37:19"}
{"level":"info","message":"Worker 3766 is online","timestamp":"14:37:19"}
{"level":"info","message":"Process up at port 3000","timestamp":"14:37:19"}
{"level":"info","message":"Process up at port 3000","timestamp":"14:37:19"}
{"level":"info","message":"Process up at port 3000","timestamp":"14:37:19"}
{"level":"info","message":"Process up at port 3000","timestamp":"14:37:19"}
{"level":"info","message":"::1 - - [23/Mar/2018:18:37:26 +0000] \"GET / HTTP/1.1\" 200 - \"-\" \"Mozilla/5.0 (Macintosh; Intel Mac OS X 10_13_3) AppleWebKit/537.36 (KHTML, like Gecko) Chrome/65.0.3325.181 Safari/537.36\"\n","timestamp":"14:37:26"}
{"level":"info","message":"::1 - - [23/Mar/2018:18:37:26 +0000] \"GET /favicon.ico HTTP/1.1\" 200 - \"http://localhost:3000/\" \"Mozilla/5.0 (Macintosh; Intel Mac OS X 10_13_3) AppleWebKit/537.36 (KHTML, like Gecko) Chrome/65.0.3325.181 Safari/537.36\"\n","timestamp":"14:37:26"}
{"level":"info","message":"Log level: info","timestamp":"14:58:58"}
{"level":"info","message":"Master cluster setting up with 4 workers","timestamp":"14:58:58"}
{"level":"info","message":"Worker 4035 is online","timestamp":"14:58:58"}
{"level":"info","message":"Worker 4036 is online","timestamp":"14:58:58"}
{"level":"info","message":"Worker 4037 is online","timestamp":"14:58:58"}
{"level":"info","message":"Worker 4038 is online","timestamp":"14:58:58"}
{"level":"info","message":"Process up at port 3000","timestamp":"14:58:58"}
{"level":"info","message":"Process up at port 3000","timestamp":"14:58:58"}
{"level":"info","message":"Process up at port 3000","timestamp":"14:58:58"}
{"level":"info","message":"Process up at port 3000","timestamp":"14:58:58"}
{"level":"info","message":"::1 - - [23/Mar/2018:18:59:04 +0000] \"GET / HTTP/1.1\" 200 - \"-\" \"Mozilla/5.0 (Macintosh; Intel Mac OS X 10_13_3) AppleWebKit/537.36 (KHTML, like Gecko) Chrome/65.0.3325.181 Safari/537.36\"\n","timestamp":"14:59:04"}
{"level":"info","message":"::1 - - [23/Mar/2018:18:59:04 +0000] \"GET /favicon.ico HTTP/1.1\" 200 - \"http://localhost:3000/\" \"Mozilla/5.0 (Macintosh; Intel Mac OS X 10_13_3) AppleWebKit/537.36 (KHTML, like Gecko) Chrome/65.0.3325.181 Safari/537.36\"\n","timestamp":"14:59:04"}
{"level":"info","message":"::1 - - [23/Mar/2018:18:59:07 +0000] \"GET /nd HTTP/1.1\" 200 - \"-\" \"Mozilla/5.0 (Macintosh; Intel Mac OS X 10_13_3) AppleWebKit/537.36 (KHTML, like Gecko) Chrome/65.0.3325.181 Safari/537.36\"\n","timestamp":"14:59:07"}
{"level":"info","message":"::1 - - [23/Mar/2018:18:59:07 +0000] \"GET /favicon.ico HTTP/1.1\" 200 - \"http://localhost:3000/nd\" \"Mozilla/5.0 (Macintosh; Intel Mac OS X 10_13_3) AppleWebKit/537.36 (KHTML, like Gecko) Chrome/65.0.3325.181 Safari/537.36\"\n","timestamp":"14:59:07"}
{"level":"info","message":"::1 - - [23/Mar/2018:18:59:11 +0000] \"GET /nds HTTP/1.1\" 200 - \"-\" \"Mozilla/5.0 (Macintosh; Intel Mac OS X 10_13_3) AppleWebKit/537.36 (KHTML, like Gecko) Chrome/65.0.3325.181 Safari/537.36\"\n","timestamp":"14:59:11"}
{"level":"info","message":"::1 - - [23/Mar/2018:18:59:11 +0000] \"GET /favicon.ico HTTP/1.1\" 200 - \"http://localhost:3000/nds\" \"Mozilla/5.0 (Macintosh; Intel Mac OS X 10_13_3) AppleWebKit/537.36 (KHTML, like Gecko) Chrome/65.0.3325.181 Safari/537.36\"\n","timestamp":"14:59:11"}
{"level":"info","message":"Log level: info","timestamp":"14:59:39"}
{"level":"info","message":"Master cluster setting up with 4 workers","timestamp":"14:59:39"}
{"level":"info","message":"Worker 4066 is online","timestamp":"14:59:39"}
{"level":"info","message":"Worker 4067 is online","timestamp":"14:59:39"}
{"level":"info","message":"Worker 4069 is online","timestamp":"14:59:39"}
{"level":"info","message":"Worker 4068 is online","timestamp":"14:59:39"}
{"level":"info","message":"Process up at port 3000","timestamp":"14:59:39"}
{"level":"info","message":"Process up at port 3000","timestamp":"14:59:39"}
{"level":"info","message":"Process up at port 3000","timestamp":"14:59:39"}
{"level":"info","message":"Process up at port 3000","timestamp":"14:59:39"}
{"level":"info","message":"::1 - - [23/Mar/2018:18:59:44 +0000] \"GET /nds HTTP/1.1\" 404 142 \"-\" \"Mozilla/5.0 (Macintosh; Intel Mac OS X 10_13_3) AppleWebKit/537.36 (KHTML, like Gecko) Chrome/65.0.3325.181 Safari/537.36\"\n","timestamp":"14:59:44"}
{"level":"info","message":"::1 - - [23/Mar/2018:18:59:44 +0000] \"GET /favicon.ico HTTP/1.1\" 404 150 \"http://localhost:3000/nds\" \"Mozilla/5.0 (Macintosh; Intel Mac OS X 10_13_3) AppleWebKit/537.36 (KHTML, like Gecko) Chrome/65.0.3325.181 Safari/537.36\"\n","timestamp":"14:59:44"}
{"level":"info","message":"Log level: info","timestamp":"15:15:23"}
{"level":"info","message":"Master cluster setting up with 4 workers","timestamp":"15:15:23"}
{"level":"info","message":"Worker 4154 is online","timestamp":"15:15:23"}
{"level":"info","message":"Worker 4156 is online","timestamp":"15:15:23"}
{"level":"info","message":"Worker 4155 is online","timestamp":"15:15:23"}
{"level":"info","message":"Worker 4157 is online","timestamp":"15:15:23"}
{"level":"info","message":"Process up at port 3000","timestamp":"15:15:23"}
{"level":"info","message":"Process up at port 3000","timestamp":"15:15:23"}
{"level":"info","message":"Process up at port 3000","timestamp":"15:15:23"}
{"level":"info","message":"Process up at port 3000","timestamp":"15:15:23"}
{"level":"info","message":"::1 - - [23/Mar/2018:19:15:28 +0000] \"GET / HTTP/1.1\" 404 139 \"-\" \"Mozilla/5.0 (Macintosh; Intel Mac OS X 10_13_3) AppleWebKit/537.36 (KHTML, like Gecko) Chrome/65.0.3325.181 Safari/537.36\"\n","timestamp":"15:15:28"}
{"level":"info","message":"::1 - - [23/Mar/2018:19:15:43 +0000] \"GET /a HTTP/1.1\" 404 140 \"-\" \"Mozilla/5.0 (Macintosh; Intel Mac OS X 10_13_3) AppleWebKit/537.36 (KHTML, like Gecko) Chrome/65.0.3325.181 Safari/537.36\"\n","timestamp":"15:15:43"}
{"level":"info","message":"Log level: info","timestamp":"15:23:51"}
{"level":"info","message":"Master cluster setting up with 4 workers","timestamp":"15:23:51"}
{"level":"info","message":"Worker 4300 is online","timestamp":"15:23:52"}
{"level":"info","message":"Worker 4302 is online","timestamp":"15:23:52"}
{"level":"info","message":"Worker 4303 is online","timestamp":"15:23:52"}
{"level":"info","message":"Worker 4301 is online","timestamp":"15:23:52"}
{"level":"info","message":"Process up at port 3000","timestamp":"15:23:52"}
{"level":"info","message":"Process up at port 3000","timestamp":"15:23:52"}
{"level":"info","message":"Process up at port 3000","timestamp":"15:23:52"}
{"level":"info","message":"Process up at port 3000","timestamp":"15:23:52"}
{"level":"info","message":"::1 - - [23/Mar/2018:19:24:05 +0000] \"GET /pid HTTP/1.1\" 500 1364 \"-\" \"Mozilla/5.0 (Macintosh; Intel Mac OS X 10_13_3) AppleWebKit/537.36 (KHTML, like Gecko) Chrome/65.0.3325.181 Safari/537.36\"\n","timestamp":"15:24:05"}
{"level":"info","message":"::1 - - [23/Mar/2018:19:50:06 +0000] \"GET /pid HTTP/1.1\" 500 1364 \"-\" \"Mozilla/5.0 (Linux; Android 6.0; Nexus 5 Build/MRA58N) AppleWebKit/537.36 (KHTML, like Gecko) Chrome/65.0.3325.181 Mobile Safari/537.36\"\n","timestamp":"15:50:06"}
{"level":"info","message":"Log level: info","timestamp":"15:50:13"}
{"level":"info","message":"Master cluster setting up with 4 workers","timestamp":"15:50:13"}
{"level":"info","message":"Worker 4409 is online","timestamp":"15:50:13"}
{"level":"info","message":"Worker 4410 is online","timestamp":"15:50:13"}
{"level":"info","message":"Worker 4411 is online","timestamp":"15:50:13"}
{"level":"info","message":"Worker 4412 is online","timestamp":"15:50:13"}
{"level":"info","message":"Process up at port 3000","timestamp":"15:50:14"}
{"level":"info","message":"Process up at port 3000","timestamp":"15:50:14"}
{"level":"info","message":"Process up at port 3000","timestamp":"15:50:14"}
{"level":"info","message":"Process up at port 3000","timestamp":"15:50:14"}
{"level":"info","message":"::1 - - [23/Mar/2018:19:50:16 +0000] \"GET /pid HTTP/1.1\" 200 - \"-\" \"Mozilla/5.0 (Macintosh; Intel Mac OS X 10_13_3) AppleWebKit/537.36 (KHTML, like Gecko) Chrome/65.0.3325.181 Safari/537.36\"\n","timestamp":"15:50:16"}
{"level":"info","message":"::1 - - [23/Mar/2018:19:57:10 +0000] \"GET /pid HTTP/1.1\" 200 - \"-\" \"Mozilla/5.0 (Macintosh; Intel Mac OS X 10_13_3) AppleWebKit/537.36 (KHTML, like Gecko) Chrome/65.0.3325.181 Safari/537.36\"\n","timestamp":"15:57:10"}
